d:\cpp\imitationtim\debug\imitationtim.pch
d:\cpp\imitationtim\debug\vc142.pdb
d:\cpp\imitationtim\debug\vc142.idb
d:\cpp\imitationtim\debug\httputil.obj
d:\cpp\imitationtim\debug\imitationtim.obj
d:\cpp\imitationtim\debug\login.obj
d:\cpp\imitationtim\debug\mainhome.obj
d:\cpp\imitationtim\debug\maininfo.obj
d:\cpp\imitationtim\debug\sqliteutil.obj
d:\cpp\imitationtim\debug\uiclistitem.obj
d:\cpp\imitationtim\debug\userinfo.obj
d:\cpp\imitationtim\debug\userinfocontroller.obj
d:\cpp\imitationtim\debug\stringutil.obj
d:\cpp\imitationtim\debug\imitationtim.ilk
d:\cpp\imitationtim\bin\imitationtim.exe
d:\cpp\imitationtim\bin\imitationtim.pdb
d:\cpp\imitationtim\\bin\imitationtim.pdb
d:\cpp\imitationtim\debug\imitationtim.tlog\cl.command.1.tlog
d:\cpp\imitationtim\debug\imitationtim.tlog\cl.read.1.tlog
d:\cpp\imitationtim\debug\imitationtim.tlog\cl.write.1.tlog
d:\cpp\imitationtim\debug\imitationtim.tlog\link-cvtres.read.1.tlog
d:\cpp\imitationtim\debug\imitationtim.tlog\link-cvtres.write.1.tlog
d:\cpp\imitationtim\debug\imitationtim.tlog\link-rc.read.1.tlog
d:\cpp\imitationtim\debug\imitationtim.tlog\link-rc.write.1.tlog
d:\cpp\imitationtim\debug\imitationtim.tlog\link.15088-cvtres.read.1.tlog
d:\cpp\imitationtim\debug\imitationtim.tlog\link.15088-cvtres.write.1.tlog
d:\cpp\imitationtim\debug\imitationtim.tlog\link.15088-rc.read.1.tlog
d:\cpp\imitationtim\debug\imitationtim.tlog\link.15088-rc.write.1.tlog
d:\cpp\imitationtim\debug\imitationtim.tlog\link.15088.read.1.tlog
d:\cpp\imitationtim\debug\imitationtim.tlog\link.15088.write.1.tlog
d:\cpp\imitationtim\debug\imitationtim.tlog\link.command.1.tlog
d:\cpp\imitationtim\debug\imitationtim.tlog\link.read.1.tlog
d:\cpp\imitationtim\debug\imitationtim.tlog\link.write.1.tlog
