C:\Program Files (x86)\Microsoft Visual Studio\2019\Community\MSBuild\Microsoft\VC\v160\Microsoft.CppBuild.targets(499,5): warning MSB8004: Output 目录未以斜杠结尾。  此生成实例将添加斜杠，因为必须有这个斜杠才能正确计算 Output 目录。
cl : 命令行 warning D9035: “Gm”选项已否决，并将在将来的版本中移除
  StdAfx.cpp
D:\cpp\ImitationTim\DuiLib\Core\UIManager.h(45,2): warning C4091: “typedef ”: 没有声明变量时忽略“DuiLib::EVENTTYPE_UI”的左侧
cl : 命令行 warning D9035: “Gm”选项已否决，并将在将来的版本中移除
  UIWebBrowser.cpp
  UIText.cpp
D:\cpp\ImitationTim\DuiLib\Control\UIText.cpp(52,37): warning C4302: “类型强制转换”: 从“LPSTR”到“WORD”截断
  UISlider.cpp
D:\cpp\ImitationTim\DuiLib\Control\UISlider.cpp(212,36): warning C4302: “类型强制转换”: 从“LPSTR”到“WORD”截断
  UIScrollBar.cpp
  UIRichEdit.cpp
  UIProgress.cpp
  UIOption.cpp
  UIList.cpp
D:\cpp\ImitationTim\DuiLib\Control\UIList.cpp(1780,44): warning C4302: “类型强制转换”: 从“LPSTR”到“WORD”截断
D:\cpp\ImitationTim\DuiLib\Control\UIList.cpp(2416,48): warning C4302: “类型强制转换”: 从“LPSTR”到“WORD”截断
  UILabel.cpp
  UIGifAnim.cpp
  UIEdit.cpp
D:\cpp\ImitationTim\DuiLib\Control\UIEdit.cpp(288,35): warning C4302: “类型强制转换”: 从“LPSTR”到“WORD”截断
  UIDateTime.cpp
D:\cpp\ImitationTim\DuiLib\Control\UIDateTime.cpp(297,35): warning C4302: “类型强制转换”: 从“LPSTR”到“WORD”截断
  UICombo.cpp
  UICheckBox.cpp
  UIButton.cpp
D:\cpp\ImitationTim\DuiLib\Control\UIButton.cpp(127,35): warning C4302: “类型强制转换”: 从“LPSTR”到“WORD”截断
  UIActiveX.cpp
  UIVerticalLayout.cpp
D:\cpp\ImitationTim\DuiLib\Layout\UIVerticalLayout.cpp(306,37): warning C4302: “类型强制转换”: 从“LPSTR”到“WORD”截断
  UITileLayout.cpp
  UITabLayout.cpp
  UIHorizontalLayout.cpp
D:\cpp\ImitationTim\DuiLib\Layout\UIHorizontalLayout.cpp(313,37): warning C4302: “类型强制转换”: 从“LPSTR”到“WORD”截断
  正在生成代码...
  正在编译...
  UIChildLayout.cpp
  UIRender.cpp
D:\cpp\ImitationTim\DuiLib\Core\UIRender.cpp(1186,61): warning C4838: 从“int”转换到“COLOR16”需要收缩转换
D:\cpp\ImitationTim\DuiLib\Core\UIRender.cpp(1186,86): warning C4838: 从“int”转换到“COLOR16”需要收缩转换
D:\cpp\ImitationTim\DuiLib\Core\UIRender.cpp(1186,111): warning C4838: 从“int”转换到“COLOR16”需要收缩转换
D:\cpp\ImitationTim\DuiLib\Core\UIRender.cpp(1187,66): warning C4838: 从“int”转换到“COLOR16”需要收缩转换
D:\cpp\ImitationTim\DuiLib\Core\UIRender.cpp(1187,92): warning C4838: 从“int”转换到“COLOR16”需要收缩转换
D:\cpp\ImitationTim\DuiLib\Core\UIRender.cpp(1187,118): warning C4838: 从“int”转换到“COLOR16”需要收缩转换
  UIMarkup.cpp
  UIManager.cpp
D:\cpp\ImitationTim\DuiLib\Core\UIManager.cpp(1045,39): warning C4838: 从“DWORD”转换到“LONG”需要收缩转换
D:\cpp\ImitationTim\DuiLib\Core\UIManager.cpp(1045,48): warning C4838: 从“DWORD”转换到“LONG”需要收缩转换
  UIDlgBuilder.cpp
  UIControl.cpp
D:\cpp\ImitationTim\DuiLib\Core\UIControl.cpp(832,40): warning C4302: “类型强制转换”: 从“LPSTR”到“WORD”截断
  UIContainer.cpp
  UIBase.cpp
  WndShadow.cpp
  Utils.cpp
  UIDelegate.cpp
  WinImplBase.cpp
  UIlib.cpp
  UITreeView.cpp
  正在生成代码...
cl : 命令行 warning D9035: “Gm”选项已否决，并将在将来的版本中移除
  stb_image.c
cl : 命令行 warning D9035: “Gm”选项已否决，并将在将来的版本中移除
  XUnzip.cpp
C:\Program Files (x86)\Microsoft Visual Studio\2019\Community\MSBuild\Microsoft\VC\v160\Microsoft.CppBuild.targets(1363,5): warning MSB8012: TargetPath(D:\cpp\ImitationTim\bin\DuiLib.dll) 与 Linker 的 OutputFile 属性值(D:\cpp\ImitationTim\bin\DuiLib_d.dll)不匹配。这可能导致项目生成不正确。若要更正此问题，请确保 $(OutDir)、$(TargetName) 和 $(TargetExt) 属性值与 %(Link.OutputFile) 中指定的值匹配。
C:\Program Files (x86)\Microsoft Visual Studio\2019\Community\MSBuild\Microsoft\VC\v160\Microsoft.CppBuild.targets(1365,5): warning MSB8012: TargetName(DuiLib) 与 Linker 的 OutputFile 属性值(DuiLib_d)不匹配。这可能导致项目生成不正确。若要更正此问题，请确保 $(OutDir)、$(TargetName) 和 $(TargetExt) 属性值与 %(Link.OutputFile) 中指定的值匹配。
    正在创建库 ../lib/DuiLib_d.lib 和对象 ../lib/DuiLib_d.exp
  DuiLib.vcxproj -> D:\cpp\ImitationTim\bin\DuiLib.dll
